C:\USERS\OWNER\DOCUMENTS\MY DROPBOX\X2048\PROGRAMS\DECOMPILERS\PC2\DEBUG\DECOMPILER.EXE
C:\USERS\OWNER\DOCUMENTS\MY DROPBOX\X2048\PROGRAMS\DECOMPILERS\PC2\DEBUG\DECOMPILER.ILK
C:\USERS\OWNER\DOCUMENTS\MY DROPBOX\X2048\PROGRAMS\DECOMPILERS\PC2\DEBUG\DECOMPILER.PDB
C:\Users\Owner\Documents\My Dropbox\x2048\programs\decompilers\pc2\decompiler\Debug\cl.command.1.tlog
C:\Users\Owner\Documents\My Dropbox\x2048\programs\decompilers\pc2\decompiler\Debug\CL.read.1.tlog
C:\Users\Owner\Documents\My Dropbox\x2048\programs\decompilers\pc2\decompiler\Debug\CL.write.1.tlog
C:\USERS\OWNER\DOCUMENTS\MY DROPBOX\X2048\PROGRAMS\DECOMPILERS\PC2\DECOMPILER\DEBUG\DECOMPILER.EXE.INTERMEDIATE.MANIFEST
C:\USERS\OWNER\DOCUMENTS\MY DROPBOX\X2048\PROGRAMS\DECOMPILERS\PC2\DECOMPILER\DEBUG\EXE.OBJ
C:\USERS\OWNER\DOCUMENTS\MY DROPBOX\X2048\PROGRAMS\DECOMPILERS\PC2\DECOMPILER\DEBUG\GEX.OBJ
C:\USERS\OWNER\DOCUMENTS\MY DROPBOX\X2048\PROGRAMS\DECOMPILERS\PC2\DECOMPILER\DEBUG\GM80.OBJ
C:\USERS\OWNER\DOCUMENTS\MY DROPBOX\X2048\PROGRAMS\DECOMPILERS\PC2\DECOMPILER\DEBUG\GM81.OBJ
C:\USERS\OWNER\DOCUMENTS\MY DROPBOX\X2048\PROGRAMS\DECOMPILERS\PC2\DECOMPILER\DEBUG\GMK.OBJ
C:\USERS\OWNER\DOCUMENTS\MY DROPBOX\X2048\PROGRAMS\DECOMPILERS\PC2\DECOMPILER\DEBUG\GMKSTREAM.OBJ
C:\USERS\OWNER\DOCUMENTS\MY DROPBOX\X2048\PROGRAMS\DECOMPILERS\PC2\DECOMPILER\DEBUG\GUI.OBJ
C:\Users\Owner\Documents\My Dropbox\x2048\programs\decompilers\pc2\decompiler\Debug\link.command.1.tlog
C:\Users\Owner\Documents\My Dropbox\x2048\programs\decompilers\pc2\decompiler\Debug\link.read.1.tlog
C:\Users\Owner\Documents\My Dropbox\x2048\programs\decompilers\pc2\decompiler\Debug\link.write.1.tlog
C:\USERS\OWNER\DOCUMENTS\MY DROPBOX\X2048\PROGRAMS\DECOMPILERS\PC2\DECOMPILER\DEBUG\MAIN.OBJ
C:\Users\Owner\Documents\My Dropbox\x2048\programs\decompilers\pc2\decompiler\Debug\mt.command.1.tlog
C:\Users\Owner\Documents\My Dropbox\x2048\programs\decompilers\pc2\decompiler\Debug\mt.read.1.tlog
C:\Users\Owner\Documents\My Dropbox\x2048\programs\decompilers\pc2\decompiler\Debug\mt.write.1.tlog
C:\USERS\OWNER\DOCUMENTS\MY DROPBOX\X2048\PROGRAMS\DECOMPILERS\PC2\DECOMPILER\DEBUG\OBFUSCATION.OBJ
C:\Users\Owner\Documents\My Dropbox\x2048\programs\decompilers\pc2\decompiler\Debug\rc.command.1.tlog
C:\Users\Owner\Documents\My Dropbox\x2048\programs\decompilers\pc2\decompiler\Debug\rc.read.1.tlog
C:\Users\Owner\Documents\My Dropbox\x2048\programs\decompilers\pc2\decompiler\Debug\rc.write.1.tlog
C:\Users\Owner\Documents\My Dropbox\x2048\programs\decompilers\pc2\decompiler\Debug\vc100.idb
C:\USERS\OWNER\DOCUMENTS\MY DROPBOX\X2048\PROGRAMS\DECOMPILERS\PC2\DECOMPILER\DEBUG\VC100.PDB
